"../../../../../../Users/edx02/Documents/Unreal Projects/Valahia_Crush_Saga/Content/Valahia_Crush_Saga/Blueprints/Base_Elements/Play_Area_Textures/bg-play_area.uasset" 0
"../../../../../../Users/edx02/Documents/Unreal Projects/Valahia_Crush_Saga/Content/Valahia_Crush_Saga/Blueprints/Base_Elements/Play_Area_Textures/play-area-toate_patratele.uasset" 1
"../../../../../../Users/edx02/Documents/Unreal Projects/Valahia_Crush_Saga/Content/Valahia_Crush_Saga/Blueprints/Base_Elements/Play_Objects/Textures/combinatie-cana.uasset" 2
"../../../../../../Users/edx02/Documents/Unreal Projects/Valahia_Crush_Saga/Content/Valahia_Crush_Saga/Blueprints/Base_Elements/Play_Objects/Textures/combinatie-ciocan.uasset" 3
"../../../../../../Users/edx02/Documents/Unreal Projects/Valahia_Crush_Saga/Content/Valahia_Crush_Saga/Blueprints/Base_Elements/Play_Objects/Textures/combinatie-secera.uasset" 4
"../../../../../../Users/edx02/Documents/Unreal Projects/Valahia_Crush_Saga/Content/Valahia_Crush_Saga/Blueprints/Base_Elements/Play_Objects/Textures/obiect-albastru.uasset" 5
"../../../../../../Users/edx02/Documents/Unreal Projects/Valahia_Crush_Saga/Content/Valahia_Crush_Saga/Blueprints/Base_Elements/Play_Objects/Textures/obiect-galben.uasset" 6
"../../../../../../Users/edx02/Documents/Unreal Projects/Valahia_Crush_Saga/Content/Valahia_Crush_Saga/Blueprints/Base_Elements/Play_Objects/Textures/obiect-mov.uasset" 7
"../../../../../../Users/edx02/Documents/Unreal Projects/Valahia_Crush_Saga/Content/Valahia_Crush_Saga/Blueprints/Base_Elements/Play_Objects/Textures/obiect-rosu.uasset" 8
"../../../../../../Users/edx02/Documents/Unreal Projects/Valahia_Crush_Saga/Content/Valahia_Crush_Saga/Blueprints/Base_Elements/Play_Objects/Textures/obiect-verde.uasset" 9
"../../../../../../Users/edx02/Documents/Unreal Projects/Valahia_Crush_Saga/Content/Valahia_Crush_Saga/Blueprints/Base_Elements/Play_Objects/Textures/special-fantoma.uasset" 10
"../../../../../../Users/edx02/Documents/Unreal Projects/Valahia_Crush_Saga/Content/Valahia_Crush_Saga/Blueprints/Base_Elements/Play_Objects/Textures/special-vampir.uasset" 11
"../../../../../../Users/edx02/Documents/Unreal Projects/Valahia_Crush_Saga/Content/Valahia_Crush_Saga/Blueprints/Base_Elements/Play_Objects/Textures/special-varcolac.uasset" 12
"../../../../../../Users/edx02/Documents/Unreal Projects/Valahia_Crush_Saga/Content/Valahia_Crush_Saga/Blueprints/Base_Elements/Play_Objects/Textures/special-vrajitoare.uasset" 13
"../../../../../../Users/edx02/Documents/Unreal Projects/Valahia_Crush_Saga/Content/Valahia_Crush_Saga/Blueprints/UI/Font/Kogaion_SC_FR_v39_FF.uasset" 14
"../../../../../../Users/edx02/Documents/Unreal Projects/Valahia_Crush_Saga/Content/Valahia_Crush_Saga/Blueprints/UI/Font/Kogaion_SC_FR_v39_FA.uasset" 15
"../../../../../../Users/edx02/Documents/Unreal Projects/Valahia_Crush_Saga/Content/Valahia_Crush_Saga/Blueprints/UI/Level_Select_Menu/bulina_nivel.uasset" 16
"../../../../../../Users/edx02/Documents/Unreal Projects/Valahia_Crush_Saga/Content/Valahia_Crush_Saga/Blueprints/UI/Level_Select_Menu/Harta_Remade.uasset" 17
"../../../../../../Users/edx02/Documents/Unreal Projects/Valahia_Crush_Saga/Content/Valahia_Crush_Saga/Blueprints/UI/Level_Select_Menu/hartie_nivel.uasset" 18
"../../../../../../Users/edx02/Documents/Unreal Projects/Valahia_Crush_Saga/Content/Valahia_Crush_Saga/Blueprints/UI/Level_Select_Menu/Movable_UI_Elemts_Backup.uasset" 19
"../../../../../../Users/edx02/Documents/Unreal Projects/Valahia_Crush_Saga/Content/Valahia_Crush_Saga/Blueprints/UI/Level_Select_Menu/Level_Select_Menu.uasset" 20
"../../../../../../Users/edx02/Documents/Unreal Projects/Valahia_Crush_Saga/Content/Valahia_Crush_Saga/Blueprints/UI/Main_Menu/Buton_Start_trans.uasset" 21
"../../../../../../Users/edx02/Documents/Unreal Projects/Valahia_Crush_Saga/Content/Valahia_Crush_Saga/Blueprints/UI/Main_Menu/Background.uasset" 22
"../../../../../../Users/edx02/Documents/Unreal Projects/Valahia_Crush_Saga/Content/Valahia_Crush_Saga/Blueprints/UI/Main_Menu/Buton_setari.uasset" 23
"../../../../../../Users/edx02/Documents/Unreal Projects/Valahia_Crush_Saga/Content/Valahia_Crush_Saga/Blueprints/UI/Main_Menu/Buton_Start.uasset" 24
"../../../../../../Users/edx02/Documents/Unreal Projects/Valahia_Crush_Saga/Content/Valahia_Crush_Saga/Blueprints/UI/Main_Menu/logo.uasset" 25
"../../../../../../Users/edx02/Documents/Unreal Projects/Valahia_Crush_Saga/Content/Valahia_Crush_Saga/Blueprints/UI/Main_Menu/Main_Menu.uasset" 26
"../../../../../../Users/edx02/Documents/Unreal Projects/Valahia_Crush_Saga/Content/Valahia_Crush_Saga/Blueprints/UI/Main_Menu/Menu.uasset" 27
"../../../../../../Users/edx02/Documents/Unreal Projects/Valahia_Crush_Saga/Content/Valahia_Crush_Saga/Blueprints/UI/Play_Area/bottom-bar-bg.uasset" 28
"../../../../../../Users/edx02/Documents/Unreal Projects/Valahia_Crush_Saga/Content/Valahia_Crush_Saga/Blueprints/UI/Play_Area/bottom-rama-inamic.uasset" 29
"../../../../../../Users/edx02/Documents/Unreal Projects/Valahia_Crush_Saga/Content/Valahia_Crush_Saga/Blueprints/UI/Play_Area/rop-bar-rama-progres.uasset" 30
"../../../../../../Users/edx02/Documents/Unreal Projects/Valahia_Crush_Saga/Content/Valahia_Crush_Saga/Blueprints/UI/Play_Area/top-bar-bg.uasset" 31
"../../../../../../Users/edx02/Documents/Unreal Projects/Valahia_Crush_Saga/Content/Valahia_Crush_Saga/Maps/Play_Screen/Textures/Baba_Laga/Baba_Iaga.uasset" 32
"../../../../../../Users/edx02/Documents/Unreal Projects/Valahia_Crush_Saga/Content/Valahia_Crush_Saga/Maps/Play_Screen/Textures/Stafie/Stafie.uasset" 33
"../../../../../../Users/edx02/Documents/Unreal Projects/Valahia_Crush_Saga/Content/Valahia_Crush_Saga/Maps/Play_Screen/Textures/Vampir/Vampir.uasset" 34
"../../../../../../Users/edx02/Documents/Unreal Projects/Valahia_Crush_Saga/Content/Valahia_Crush_Saga/Maps/Play_Screen/Textures/Varcolac/Varcolac.uasset" 35
"../../../Engine/Content/Animation/DefaultAnimCurveCompressionSettings.uasset" 36
"../../../Engine/Content/Functions/Engine_MaterialFunctions01/Opacity/CameraDepthFade.uasset" 37
"../../../Engine/Content/EngineMaterials/T_Default_Material_Grid_M.uasset" 38
"../../../Engine/Content/EngineMaterials/T_Default_Material_Grid_N.uasset" 39
"../../../Engine/Content/EngineMaterials/WorldGridMaterial.uasset" 40
"../../../Engine/Content/ArtTools/RenderToTexture/Meshes/S_1_Unit_Plane.uasset" 41
"../../../Engine/Content/EngineMaterials/DefaultMaterial.uasset" 42
"../../../Engine/Content/BasicShapes/Cone.uasset" 43
"../../../Engine/Content/BasicShapes/Cube.uasset" 44
"../../../Engine/Content/BasicShapes/Cylinder.uasset" 45
"../../../Engine/Content/BasicShapes/Plane.uasset" 46
"../../../Engine/Content/BasicShapes/Sphere.uasset" 47
"../../../Engine/Content/EditorLandscapeResources/DataLayer.uasset" 48
"../../../Engine/Content/EditorMaterials/MAT_Groups_Toggle.uasset" 49
"../../../Engine/Content/EditorMaterials/MAT_Groups_Visibility.uasset" 50
"../../../Engine/Content/EditorMaterials/PreviewShadowIndicator.uasset" 51
"../../../Engine/Content/EditorMaterials/PreviewShadowIndicatorMaterial.uasset" 52
"../../../Engine/Content/EditorMaterials/MatineeGroups/MAT_ColorTrack.uasset" 53
"../../../Engine/Content/EditorMaterials/MatineeGroups/MAT_Groups_Anim.uasset" 54
"../../../Engine/Content/EditorMaterials/MatineeGroups/MAT_Groups_AudioMaster.uasset" 55
"../../../Engine/Content/EditorMaterials/MatineeGroups/MAT_Groups_Director.uasset" 56
"../../../Engine/Content/EditorMaterials/MatineeGroups/MAT_Groups_Event.uasset" 57
"../../../Engine/Content/EditorMaterials/MatineeGroups/MAT_Groups_Fade.uasset" 58
"../../../Engine/Content/EditorMaterials/MatineeGroups/MAT_Groups_Float.uasset" 59
"../../../Engine/Content/EditorMaterials/MatineeGroups/MAT_Groups_Move.uasset" 60
"../../../Engine/Content/EditorMaterials/MatineeGroups/MAT_Groups_Slomo.uasset" 61
"../../../Engine/Content/EditorMaterials/MatineeGroups/MAT_Groups_Sound.uasset" 62
"../../../Engine/Content/EditorMaterials/MatineeGroups/MAT_Groups_Vector.uasset" 63
"../../../Engine/Content/EditorMaterials/ParticleSystems/PSysThumbnail_NoImage.uasset" 64
"../../../Engine/Content/EditorMaterials/ParticleSystems/PSysThumbnail_OOD.uasset" 65
"../../../Engine/Content/EditorMaterials/Camera/CineMat.uasset" 66
"../../../Engine/Content/EditorMaterials/Camera/MI_CineMat_Rig.uasset" 67
"../../../Engine/Content/EditorMeshes/Camera/SM_CraneRig_Arm.uasset" 68
"../../../Engine/Content/EditorMeshes/Camera/SM_CraneRig_Base.uasset" 69
"../../../Engine/Content/EditorMeshes/Camera/SM_CraneRig_Body.uasset" 70
"../../../Engine/Content/EditorMeshes/Camera/SM_CraneRig_Mount.uasset" 71
"../../../Engine/Content/EditorMeshes/Camera/SM_RailRig_Mount.uasset" 72
"../../../Engine/Content/EditorMeshes/Camera/SM_RailRig_Track.uasset" 73
"../../../Engine/Content/EditorResources/BSPVertex.uasset" 74
"../../../Engine/Content/EditorResources/S_Actor.uasset" 75
"../../../Engine/Content/EditorResources/S_Note.uasset" 76
"../../../Engine/Content/EditorResources/S_Solver.uasset" 77
"../../../Engine/Content/EditorResources/S_Trigger.uasset" 78
"../../../Engine/Content/EditorResources/SequenceRecorder/Countdown.uasset" 79
"../../../Engine/Content/EditorResources/SequenceRecorder/RecordingIndicator.uasset" 80
"../../../Engine/Content/EditorSounds/Notifications/CompileFailed.uasset" 81
"../../../Engine/Content/EditorSounds/Notifications/CompileFailed_Cue.uasset" 82
"../../../Engine/Content/EditorSounds/Notifications/CompileSuccess.uasset" 83
"../../../Engine/Content/EditorSounds/Notifications/CompileStart_Cue.uasset" 84
"../../../Engine/Content/EditorSounds/Notifications/CompileSuccess_Cue.uasset" 85
"../../../Engine/Content/EngineDamageTypes/DmgTypeBP_Environmental.uasset" 86
"../../../Engine/Content/EngineDebugMaterials/DebugEditorMaterial.uasset" 87
"../../../Engine/Content/EngineDebugMaterials/DebugMeshMaterial.uasset" 88
"../../../Engine/Content/EngineDebugMaterials/M_SimpleUnlitTranslucent.uasset" 89
"../../../Engine/Content/Functions/Engine_MaterialFunctions02/Utility/CameraDirectionVector.uasset" 90
"../../../Engine/Content/EngineDebugMaterials/VolumeToRender.uasset" 91
"../../../Engine/Content/EngineDebugMaterials/M_VolumeRenderSphereTracePP.uasset" 92
"../../../Engine/Content/EngineDebugMaterials/WireframeMaterial.uasset" 93
"../../../Engine/Content/EngineFonts/Faces/DroidSansFallback.uasset" 94
"../../../Engine/Content/EngineFonts/Faces/RobotoBold.uasset" 95
"../../../Engine/Content/EngineFonts/Faces/RobotoBoldItalic.uasset" 96
"../../../Engine/Content/EngineFonts/Faces/RobotoItalic.uasset" 97
"../../../Engine/Content/EngineFonts/Faces/RobotoLight.uasset" 98
"../../../Engine/Content/EngineFonts/Faces/RobotoRegular.uasset" 99
"../../../Engine/Content/EngineFonts/Roboto.uasset" 100
"../../../Engine/Content/EngineMaterials/BaseFlattenDiffuseMap.uasset" 101
"../../../Engine/Content/EngineMaterials/BaseFlattenEmissiveMap.uasset" 102
"../../../Engine/Content/EngineMaterials/BaseFlattenGrayscaleMap.uasset" 103
"../../../Engine/Content/EngineMaterials/BaseFlattenNormalMap.uasset" 104
"../../../Engine/Content/EngineMaterials/BaseFlattenMaterial.uasset" 105
"../../../Engine/Content/EngineMaterials/BlueNoise.uasset" 106
"../../../Engine/Content/EngineMaterials/DefaultBloomKernel.uasset" 107
"../../../Engine/Content/EngineMaterials/DefaultBokeh.uasset" 108
"../../../Engine/Content/EngineMaterials/DefaultDiffuse.uasset" 109
"../../../Engine/Content/EngineMaterials/DefaultDeferredDecalMaterial.uasset" 110
"../../../Engine/Content/EngineMaterials/DefaultLightFunctionMaterial.uasset" 111
"../../../Engine/Content/EngineMaterials/DefaultPhysicalMaterial.uasset" 112
"../../../Engine/Content/Functions/Engine_MaterialFunctions02/Utility/BreakOutFloat2Components.uasset" 113
"../../../Engine/Content/EngineMaterials/DefaultPostProcessMaterial.uasset" 114
"../../../Engine/Content/EngineFonts/RobotoDistanceField.uasset" 115
"../../../Engine/Content/EngineMaterials/DefaultTextMaterialOpaque.uasset" 116
"../../../Engine/Content/EngineMaterials/DefaultWhiteGrid.uasset" 117
"../../../Engine/Content/EngineMaterials/DefaultWhiteGrid_Low.uasset" 118
"../../../Engine/Content/EngineMaterials/EmissiveMeshMaterial.uasset" 119
"../../../Engine/Content/EngineMaterials/GizmoMaterial.uasset" 120
"../../../Engine/Content/EngineMaterials/Good64x64TilingNoiseHighFreq.uasset" 121
"../../../Engine/Content/EngineMaterials/MiniFont.uasset" 122
"../../../Engine/Content/EngineMaterials/InvalidLightmapSettings.uasset" 123
"../../../Engine/Content/EngineMaterials/M_InvalidLightmapSettings.uasset" 124
"../../../Engine/Content/Functions/Engine_MaterialFunctions02/WorldPositionOffset/CameraOffset.uasset" 125
"../../../Engine/Content/EngineMaterials/PhAT_JointLimitMaterial.uasset" 126
"../../../Engine/Content/EngineMaterials/PreintegratedSkinBRDF.uasset" 127
"../../../Engine/Content/EngineMaterials/RemoveSurfaceMaterial.uasset" 128
"../../../Engine/Content/EngineMaterials/WeightMapPlaceholderTexture.uasset" 129
"../../../Engine/Content/EngineResources/WhiteSquareTexture.uasset" 130
"../../../Engine/Content/EngineMaterials/Widget3DPassThrough.uasset" 131
"../../../Engine/Content/EngineMaterials/Widget3DPassThrough_Masked.uasset" 132
"../../../Engine/Content/EngineMaterials/Widget3DPassThrough_Opaque.uasset" 133
"../../../Engine/Content/EngineMaterials/Widget3DPassThrough_Masked_OneSided.uasset" 134
"../../../Engine/Content/EngineMaterials/Widget3DPassThrough_Opaque_OneSided.uasset" 135
"../../../Engine/Content/EngineMaterials/Widget3DPassThrough_Translucent.uasset" 136
"../../../Engine/Content/EngineMaterials/Widget3DPassThrough_Translucent_OneSided.uasset" 137
"../../../Engine/Content/EngineMeshes/Cylinder.uasset" 138
"../../../Engine/Content/EngineMeshes/Sphere.uasset" 139
"../../../Engine/Content/EngineResources/Black.uasset" 140
"../../../Engine/Content/EngineResources/DefaultTexture.uasset" 141
"../../../Engine/Content/EngineResources/DefaultTextureCube.uasset" 142
"../../../Engine/Content/EngineResources/DefaultVolumeTexture2D.uasset" 143
"../../../Engine/Content/EngineResources/DefaultVolumeTexture.uasset" 144
"../../../Engine/Content/EngineResources/GradientTexture0.uasset" 145
"../../../Engine/Content/EngineSounds/Master.uasset" 146
"../../../Engine/Content/Functions/Engine_MaterialFunctions01/Shading/ConvertFromDiffSpec.uasset" 147
"../../../Engine/Content/Functions/Engine_MaterialFunctions01/Shading/PowerToRoughness.uasset" 148
"../../../Engine/Content/Maps/Templates/Thumbnails/Default.uasset" 149
"../../../Engine/Content/Maps/Templates/Thumbnails/TimeOfDay.uasset" 150
"../../../Engine/Content/Maps/Templates/Thumbnails/VR-Basic.uasset" 151
"../../../Engine/Content/MobileResources/T_MobileControls_texture.uasset" 152
"../../../Engine/Content/MobileResources/T_MobileMenu2.uasset" 153
"../../../Engine/Content/MobileResources/HUD/AnalogHat.uasset" 154
"../../../Engine/Content/MobileResources/HUD/VirtualJoystick_Background.uasset" 155
"../../../Engine/Content/MobileResources/HUD/VirtualJoystick_Thumb.uasset" 156
"../../../Engine/Content/MobileResources/HUD/DefaultVirtualJoysticks.uasset" 157
"../../../Engine/Content/MobileResources/HUD/LeftVirtualJoystickOnly.uasset" 158
"../../../Engine/Content/MobileResources/HUD/MobileHUDButton1_off.uasset" 159
"../../../Engine/Content/MobileResources/HUD/MobileHUDButton1_on.uasset" 160
"../../../Engine/Content/MobileResources/HUD/MobileHUDButton2_off.uasset" 161
"../../../Engine/Content/MobileResources/HUD/MobileHUDButton2_on.uasset" 162
"../../../Engine/Content/MobileResources/HUD/MobileHUDButton3.uasset" 163
"../../../Engine/Content/MobileResources/HUD/MobileHUDButtonFire.uasset" 164
"../../../Engine/Content/MobileResources/HUD/MobileHUDDirectionPad.uasset" 165
"../../../Engine/Content/MobileResources/HUD/MobileHUDDirectionPad2.uasset" 166
"../../../Engine/Content/MobileResources/HUD/MobileHUDDirectionPad3.uasset" 167
"../../../Engine/Content/MobileResources/HUD/MobileHUDDirectionStick.uasset" 168
"../../../Engine/Content/MobileResources/HUD/T_Castle_ThumbstickInner.uasset" 169
"../../../Engine/Content/MobileResources/HUD/T_Castle_ThumbstickOutter.uasset" 170
"../../../Engine/Content/Tutorial/ContentIntroCurve.uasset" 171
"../../../Engine/Content/Tutorial/Basics/LevelEditorAttract.uasset" 172
"../../../Engine/Content/VREditor/LaserPointer/VR_LaserPower_01.uasset" 173
"../../../Engine/Content/VREditor/TransformGizmo/TransformGizmoMaterial.uasset" 174
"../../../Engine/Content/VREditor/TransformGizmo/TranslucentTransformGizmoMaterial.uasset" 175
"../../../Engine/Content/VREditor/TransformGizmo/BoundingBoxCorner.uasset" 176
"../../../Engine/Content/VREditor/TransformGizmo/BoundingBoxEdge.uasset" 177
"../../../Engine/Content/VREditor/TransformGizmo/PlaneTranslationHandle.uasset" 178
"../../../Engine/Content/VREditor/TransformGizmo/Main.uasset" 179
"../../../Engine/Content/VREditor/TransformGizmo/Xray.uasset" 180
"../../../Engine/Content/VREditor/TransformGizmo/SM_Sequencer_Key.uasset" 181
"../../../Engine/Content/VREditor/TransformGizmo/SM_Sequencer_Node.uasset" 182
"../../Plugins/2D/Paper2D/Content/PlaceholderTextures/DummySpriteTexture.uasset" 183
"../../Plugins/2D/Paper2D/Content/DummySprite.uasset" 184
"../../Plugins/2D/Paper2D/Content/DefaultPaperTerrainMaterial.uasset" 185
"../../Plugins/2D/Paper2D/Content/DefaultSpriteMaterial.uasset" 186
"../../Plugins/2D/Paper2D/Content/MaskedUnlitSpriteMaterial.uasset" 187
"../../Plugins/2D/Paper2D/Content/OpaqueUnlitSpriteMaterial.uasset" 188
"../../Plugins/FX/Niagara/Content/Enums/ENiagaraBooleanLogicOps.uasset" 189
"../../Plugins/FX/Niagara/Content/Enums/ENiagaraCoordinateSpace.uasset" 190
"../../Plugins/FX/Niagara/Content/Enums/ENiagaraExpansionMode.uasset" 191
"../../Plugins/FX/Niagara/Content/Enums/ENiagaraOrientationAxis.uasset" 192
"../../Plugins/FX/Niagara/Content/Enums/ENiagaraRandomnessMode.uasset" 193
"../../../Engine/Content/Functions/Engine_MaterialFunctions02/Utility/BreakOutFloat4Components.uasset" 194
"../../../Engine/Content/Functions/Engine_MaterialFunctions02/Utility/MakeFloat2.uasset" 195
"../../../Engine/Content/Functions/Engine_MaterialFunctions02/Utility/MakeFloat3.uasset" 196
"../../Plugins/Runtime/Oculus/OculusVR/Content/Materials/OculusMR_ChromaKey.uasset" 197
"../../Plugins/Runtime/Oculus/OculusVR/Content/Materials/OculusMR_ChromaKey_Lit.uasset" 198
"../../Plugins/Runtime/Oculus/OculusVR/Content/Materials/OculusMR_OpaqueColoredMaterial.uasset" 199
"../../Plugins/Runtime/Oculus/OculusVR/Content/Materials/OculusMR_WhiteMaterial.uasset" 200
"../../../../../../Users/edx02/Documents/Unreal Projects/Valahia_Crush_Saga/Content/Valahia_Crush_Saga/Blueprints/UI/Level_Select_Menu/Bara_Top.uasset" 201
"../../../../../../Users/edx02/Documents/Unreal Projects/Valahia_Crush_Saga/Content/Valahia_Crush_Saga/Blueprints/UI/Level_Select_Menu/Vieti_Ramase.uasset" 202
"../../../../../../Users/edx02/Documents/Unreal Projects/Valahia_Crush_Saga/Content/Valahia_Crush_Saga/Blueprints/UI/Level_Select_Menu/Level_Select_Menu1.uasset" 203
"../../../../../../Users/edx02/Documents/Unreal Projects/Valahia_Crush_Saga/Content/Valahia_Crush_Saga/Maps/Menu/Level_Select_Menu.umap" 204
"../../../../../../Users/edx02/Documents/Unreal Projects/Valahia_Crush_Saga/Content/Valahia_Crush_Saga/Maps/Menu/Main_Menu_BuiltData.uasset" 205
"../../../../../../Users/edx02/Documents/Unreal Projects/Valahia_Crush_Saga/Content/Valahia_Crush_Saga/Maps/Menu/Main_Menu.umap" 206
"../../../../../../Users/edx02/Documents/Unreal Projects/Valahia_Crush_Saga/Content/Valahia_Crush_Saga/Maps/Play_Screen/Play_Screen.umap" 207
"../../../Engine/Content/Maps/Entry_BuiltData.uasset" 208
"../../../Engine/Content/Maps/Entry.umap" 209
